<?xml version="1.0" encoding="UTF-8"?>
<testng-results skipped="0" failed="0" ignored="0" total="1" passed="1">
  <reporter-output>
  </reporter-output>
  <suite name="Suite" duration-ms="3654" started-at="2019-06-10T19:46:02Z" finished-at="2019-06-10T19:46:05Z">
    <groups>
    </groups>
    <test name="Test" duration-ms="3654" started-at="2019-06-10T19:46:02Z" finished-at="2019-06-10T19:46:05Z">
      <class name="DemoTest">
        <test-method status="PASS" signature="runurl()[pri:0, instance:DemoTest@23d19c9d]" name="runurl" duration-ms="3638" started-at="2019-06-10T19:46:02Z" finished-at="2019-06-10T19:46:05Z">
          <reporter-output>
          </reporter-output>
        </test-method> <!-- runurl -->
      </class> <!-- DemoTest -->
    </test> <!-- Test -->
  </suite> <!-- Suite -->
</testng-results>
